@!@!@STARTMSG 2262:0 @!@!@
TLC2 Version 2.08 of 21 December 2015
@!@!@ENDMSG 2262 @!@!@
@!@!@STARTMSG 2187:0 @!@!@
Running in Model-Checking mode.
@!@!@ENDMSG 2187 @!@!@
@!@!@STARTMSG 2220:0 @!@!@
Starting SANY...
@!@!@ENDMSG 2220 @!@!@
Parsing file MC.tla
Parsing file Recoverability.tla
Parsing file C:\projects\tla+\toolbox\plugins\org.lamport.tlatools_1.0.0.201512230951\tla2sany\StandardModules\TLC.tla
Parsing file C:\projects\tla+\toolbox\plugins\org.lamport.tlatools_1.0.0.201512230951\tla2sany\StandardModules\Integers.tla
Parsing file C:\projects\tla+\toolbox\plugins\org.lamport.tlatools_1.0.0.201512230951\tla2sany\StandardModules\FiniteSets.tla
Parsing file C:\projects\tla+\toolbox\plugins\org.lamport.tlatools_1.0.0.201512230951\tla2sany\StandardModules\Sequences.tla
Parsing file C:\projects\tla+\toolbox\plugins\org.lamport.tlatools_1.0.0.201512230951\tla2sany\StandardModules\Naturals.tla
Semantic processing of module Naturals
Semantic processing of module Integers
Semantic processing of module Sequences
Semantic processing of module FiniteSets
Semantic processing of module Recoverability
Semantic processing of module TLC
Semantic processing of module MC
@!@!@STARTMSG 2219:0 @!@!@
SANY finished.
@!@!@ENDMSG 2219 @!@!@
@!@!@STARTMSG 2185:0 @!@!@
Starting... (2017-01-01 22:37:19)
@!@!@ENDMSG 2185 @!@!@
@!@!@STARTMSG 2189:0 @!@!@
Computing initial states...
@!@!@ENDMSG 2189 @!@!@
@!@!@STARTMSG 2190:0 @!@!@
Finished computing initial states: 1 distinct state generated.
@!@!@ENDMSG 2190 @!@!@
@!@!@STARTMSG 2110:1 @!@!@
Invariant inv_1483306639520202000 is violated.
@!@!@ENDMSG 2110 @!@!@
@!@!@STARTMSG 2121:1 @!@!@
The behavior up to this point is:
@!@!@ENDMSG 2121 @!@!@
@!@!@STARTMSG 2217:4 @!@!@
1: <Initial predicate>
/\ totalAttempts = <<0, 0>>
/\ crashes = FALSE
/\ tx = <<[state |-> NoneTx, ops |-> {}], [state |-> NoneTx, ops |-> {}]>>
/\ pc = "Lbl_1"
/\ cachedAttempts = <<0, 0>>

@!@!@ENDMSG 2217 @!@!@
@!@!@STARTMSG 2217:4 @!@!@
2: <Action line 92, col 10 to line 126, col 29 of module Recoverability>
/\ totalAttempts = <<0, 0>>
/\ crashes = FALSE
/\ tx = <<[state |-> InProgress, ops |-> {}], [state |-> NoneTx, ops |-> {}]>>
/\ pc = "Lbl_1"
/\ cachedAttempts = <<0, 0>>

@!@!@ENDMSG 2217 @!@!@
@!@!@STARTMSG 2217:4 @!@!@
3: <Action line 92, col 10 to line 126, col 29 of module Recoverability>
/\ totalAttempts = <<1, 0>>
/\ crashes = FALSE
/\ tx = <<[state |-> NoneTx, ops |-> {}], [state |-> NoneTx, ops |-> {}]>>
/\ pc = "Lbl_1"
/\ cachedAttempts = <<1, 0>>

@!@!@ENDMSG 2217 @!@!@
@!@!@STARTMSG 2217:4 @!@!@
4: <Action line 92, col 10 to line 126, col 29 of module Recoverability>
/\ totalAttempts = <<1, 0>>
/\ crashes = FALSE
/\ tx = <<[state |-> InProgress, ops |-> {}], [state |-> NoneTx, ops |-> {}]>>
/\ pc = "Lbl_1"
/\ cachedAttempts = <<1, 0>>

@!@!@ENDMSG 2217 @!@!@
@!@!@STARTMSG 2217:4 @!@!@
5: <Action line 92, col 10 to line 126, col 29 of module Recoverability>
/\ totalAttempts = <<2, 0>>
/\ crashes = FALSE
/\ tx = <<[state |-> NoneTx, ops |-> {}], [state |-> NoneTx, ops |-> {}]>>
/\ pc = "Lbl_1"
/\ cachedAttempts = <<2, 0>>

@!@!@ENDMSG 2217 @!@!@
@!@!@STARTMSG 2217:4 @!@!@
6: <Action line 92, col 10 to line 126, col 29 of module Recoverability>
/\ totalAttempts = <<2, 0>>
/\ crashes = FALSE
/\ tx = <<[state |-> InProgress, ops |-> {}], [state |-> NoneTx, ops |-> {}]>>
/\ pc = "Lbl_1"
/\ cachedAttempts = <<2, 0>>

@!@!@ENDMSG 2217 @!@!@
@!@!@STARTMSG 2217:4 @!@!@
7: <Action line 92, col 10 to line 126, col 29 of module Recoverability>
/\ totalAttempts = <<2, 0>>
/\ crashes = FALSE
/\ tx = <<[state |-> InProgress, ops |-> {}], [state |-> InProgress, ops |-> {}]>>
/\ pc = "Lbl_1"
/\ cachedAttempts = <<2, 0>>

@!@!@ENDMSG 2217 @!@!@
@!@!@STARTMSG 2217:4 @!@!@
8: <Action line 92, col 10 to line 126, col 29 of module Recoverability>
/\ totalAttempts = <<2, 1>>
/\ crashes = FALSE
/\ tx = <<[state |-> InProgress, ops |-> {}], [state |-> NoneTx, ops |-> {}]>>
/\ pc = "Lbl_1"
/\ cachedAttempts = <<0, 1>>

@!@!@ENDMSG 2217 @!@!@
@!@!@STARTMSG 2217:4 @!@!@
9: <Action line 92, col 10 to line 126, col 29 of module Recoverability>
/\ totalAttempts = <<3, 1>>
/\ crashes = FALSE
/\ tx = <<[state |-> NoneTx, ops |-> {}], [state |-> NoneTx, ops |-> {}]>>
/\ pc = "Lbl_1"
/\ cachedAttempts = <<1, 0>>

@!@!@ENDMSG 2217 @!@!@
@!@!@STARTMSG 2201:0 @!@!@
The coverage statistics at 2017-01-01 22:37:20
@!@!@ENDMSG 2201 @!@!@
@!@!@STARTMSG 2221:0 @!@!@
  line 101, col 49 to line 101, col 119 of module Recoverability: 41
@!@!@ENDMSG 2221 @!@!@
@!@!@STARTMSG 2221:0 @!@!@
  line 103, col 60 to line 103, col 133 of module Recoverability: 22
@!@!@ENDMSG 2221 @!@!@
@!@!@STARTMSG 2221:0 @!@!@
  line 105, col 62 to line 106, col 116 of module Recoverability: 19
@!@!@ENDMSG 2221 @!@!@
@!@!@STARTMSG 2221:0 @!@!@
  line 107, col 49 to line 108, col 81 of module Recoverability: 41
@!@!@ENDMSG 2221 @!@!@
@!@!@STARTMSG 2221:0 @!@!@
  line 109, col 49 to line 109, col 106 of module Recoverability: 5
@!@!@ENDMSG 2221 @!@!@
@!@!@STARTMSG 2221:0 @!@!@
  line 110, col 62 to line 110, col 75 of module Recoverability: 5
@!@!@ENDMSG 2221 @!@!@
@!@!@STARTMSG 2221:0 @!@!@
  line 111, col 62 to line 111, col 74 of module Recoverability: 5
@!@!@ENDMSG 2221 @!@!@
@!@!@STARTMSG 2221:0 @!@!@
  line 113, col 32 to line 113, col 73 of module Recoverability: 34
@!@!@ENDMSG 2221 @!@!@
@!@!@STARTMSG 2221:0 @!@!@
  line 114, col 42 to line 114, col 55 of module Recoverability: 34
@!@!@ENDMSG 2221 @!@!@
@!@!@STARTMSG 2221:0 @!@!@
  line 114, col 58 to line 114, col 70 of module Recoverability: 34
@!@!@ENDMSG 2221 @!@!@
@!@!@STARTMSG 2221:0 @!@!@
  line 116, col 32 to line 117, col 64 of module Recoverability: 99
@!@!@ENDMSG 2221 @!@!@
@!@!@STARTMSG 2221:0 @!@!@
  line 118, col 42 to line 118, col 55 of module Recoverability: 99
@!@!@ENDMSG 2221 @!@!@
@!@!@STARTMSG 2221:0 @!@!@
  line 118, col 58 to line 118, col 70 of module Recoverability: 99
@!@!@ENDMSG 2221 @!@!@
@!@!@STARTMSG 2221:0 @!@!@
  line 120, col 30 to line 120, col 82 of module Recoverability: 0
@!@!@ENDMSG 2221 @!@!@
@!@!@STARTMSG 2221:0 @!@!@
  line 121, col 30 to line 121, col 65 of module Recoverability: 0
@!@!@ENDMSG 2221 @!@!@
@!@!@STARTMSG 2221:0 @!@!@
  line 122, col 40 to line 122, col 52 of module Recoverability: 0
@!@!@ENDMSG 2221 @!@!@
@!@!@STARTMSG 2221:0 @!@!@
  line 123, col 24 to line 123, col 36 of module Recoverability: 291
@!@!@ENDMSG 2221 @!@!@
@!@!@STARTMSG 2221:0 @!@!@
  line 124, col 24 to line 124, col 35 of module Recoverability: 1
@!@!@ENDMSG 2221 @!@!@
@!@!@STARTMSG 2221:0 @!@!@
  line 125, col 37 to line 125, col 38 of module Recoverability: 1
@!@!@ENDMSG 2221 @!@!@
@!@!@STARTMSG 2221:0 @!@!@
  line 125, col 41 to line 125, col 54 of module Recoverability: 1
@!@!@ENDMSG 2221 @!@!@
@!@!@STARTMSG 2221:0 @!@!@
  line 125, col 57 to line 125, col 69 of module Recoverability: 1
@!@!@ENDMSG 2221 @!@!@
@!@!@STARTMSG 2221:0 @!@!@
  line 126, col 23 to line 126, col 29 of module Recoverability: 292
@!@!@ENDMSG 2221 @!@!@
@!@!@STARTMSG 2221:0 @!@!@
  line 83, col 12 to line 83, col 13 of module Recoverability: 1
@!@!@ENDMSG 2221 @!@!@
@!@!@STARTMSG 2221:0 @!@!@
  line 83, col 16 to line 83, col 29 of module Recoverability: 1
@!@!@ENDMSG 2221 @!@!@
@!@!@STARTMSG 2221:0 @!@!@
  line 83, col 32 to line 83, col 44 of module Recoverability: 1
@!@!@ENDMSG 2221 @!@!@
@!@!@STARTMSG 2221:0 @!@!@
  line 83, col 47 to line 83, col 53 of module Recoverability: 1
@!@!@ENDMSG 2221 @!@!@
@!@!@STARTMSG 2221:0 @!@!@
  line 83, col 56 to line 83, col 57 of module Recoverability: 1
@!@!@ENDMSG 2221 @!@!@
@!@!@STARTMSG 2221:0 @!@!@
  line 95, col 32 to line 95, col 74 of module Recoverability: 66
@!@!@ENDMSG 2221 @!@!@
@!@!@STARTMSG 2221:0 @!@!@
  line 96, col 42 to line 96, col 55 of module Recoverability: 66
@!@!@ENDMSG 2221 @!@!@
@!@!@STARTMSG 2221:0 @!@!@
  line 96, col 58 to line 96, col 70 of module Recoverability: 66
@!@!@ENDMSG 2221 @!@!@
@!@!@STARTMSG 2221:0 @!@!@
  line 98, col 38 to line 98, col 96 of module Recoverability: 46
@!@!@ENDMSG 2221 @!@!@
@!@!@STARTMSG 2221:0 @!@!@
  line 99, col 50 to line 99, col 63 of module Recoverability: 46
@!@!@ENDMSG 2221 @!@!@
@!@!@STARTMSG 2221:0 @!@!@
  line 99, col 66 to line 99, col 78 of module Recoverability: 46
@!@!@ENDMSG 2221 @!@!@
@!@!@STARTMSG 2202:0 @!@!@
End of statistics.
@!@!@ENDMSG 2202 @!@!@
@!@!@STARTMSG 2200:0 @!@!@
Progress(8) at 2017-01-01 22:37:20: 295 states generated (85,507 s/min), 124 distinct states found (35,942 ds/min), 38 states left on queue.
@!@!@ENDMSG 2200 @!@!@
@!@!@STARTMSG 2199:0 @!@!@
295 states generated, 124 distinct states found, 38 states left on queue.
@!@!@ENDMSG 2199 @!@!@
@!@!@STARTMSG 2194:0 @!@!@
The depth of the complete state graph search is 8.
@!@!@ENDMSG 2194 @!@!@
@!@!@STARTMSG 2186:0 @!@!@
Finished in 00s at (2017-01-01 22:37:20)
@!@!@ENDMSG 2186 @!@!@
